<?xml version="1.0" encoding="UTF-8"?>
<!-- Generated by org.testng.reporters.JUnitReportReporter -->
<testsuite hostname="Jothis-MacBook-Pro.local" name="com.ads.steps.LoginStep" tests="1" failures="0" timestamp="24 May 2018 13:34:33 GMT" time="3.504" errors="0">
  <testcase name="pageNavigation" time="3.504" classname="com.ads.steps.LoginStep"/>
</testsuite> <!-- com.ads.steps.LoginStep -->
